
> canel-react-app@0.1.0 prestart
> only-include-used-icons


> canel-react-app@0.1.0 start
> HOST=192.168.8.72 react-scripts start

Attempting to bind to HOST environment variable: 192.168.8.72
If this was unintentional, check that you haven't mistakenly set it in your shell.
Learn more here: https://cra.link/advanced-config

Something is already running on port 3000.

> canel-react-app@0.1.0 prestart
> only-include-used-icons


> canel-react-app@0.1.0 start
> HOST=192.168.8.72 react-scripts start

Attempting to bind to HOST environment variable: 192.168.8.72
If this was unintentional, check that you haven't mistakenly set it in your shell.
Learn more here: https://cra.link/advanced-config

(node:542418) [DEP_WEBPACK_DEV_SERVER_ON_AFTER_SETUP_MIDDLEWARE] DeprecationWarning: 'onAfterSetupMiddleware' option is deprecated. Please use the 'setupMiddlewares' option.
(Use `node --trace-deprecation ...` to show where the warning was created)
(node:542418) [DEP_WEBPACK_DEV_SERVER_ON_BEFORE_SETUP_MIDDLEWARE] DeprecationWarning: 'onBeforeSetupMiddleware' option is deprecated. Please use the 'setupMiddlewares' option.
Starting the development server...

Compiled successfully!

You can now view canel-react-app in the browser.

  http://192.168.8.72:3000

Note that the development build is not optimized.
To create a production build, use npm run build.

webpack compiled successfully
Compiling...
Compiled successfully!
webpack compiled successfully
